#
# There is insufficient memory for the Java Runtime Environment to continue.
# Native memory allocation (malloc) failed to allocate 446784 bytes for Chunk::new
# Possible reasons:
#   The system is out of physical RAM or swap space
#   The process is running with CompressedOops enabled, and the Java Heap may be blocking the growth of the native heap
# Possible solutions:
#   Reduce memory load on the system
#   Increase physical memory or swap space
#   Check if swap backing store is full
#   Decrease Java heap size (-Xmx/-Xms)
#   Decrease number of Java threads
#   Decrease Java thread stack sizes (-Xss)
#   Set larger code cache with -XX:ReservedCodeCacheSize=
#   JVM is running with Unscaled Compressed Oops mode in which the Java heap is
#     placed in the first 4GB address space. The Java Heap base address is the
#     maximum limit for the native heap growth. Please use -XX:HeapBaseMinAddress
#     to set the Java Heap base and to place the Java Heap above 4GB virtual address.
# This output file may be truncated or incomplete.
#
#  Out of Memory Error (allocation.cpp:389), pid=8040, tid=0x00000000000016a8
#
# JRE version: OpenJDK Runtime Environment (8.0_265-b01) (build 1.8.0_265-b01)
# Java VM: OpenJDK 64-Bit Server VM (25.265-b01 mixed mode windows-amd64 compressed oops)
# Failed to write core dump. Minidumps are not enabled by default on client versions of Windows
#

---------------  T H R E A D  ---------------

Current thread (0x0000000013eee800):  JavaThread "C2 CompilerThread1" daemon [_thread_in_native, id=5800, stack(0x00000000159a0000,0x0000000015aa0000)]

Stack: [0x00000000159a0000,0x0000000015aa0000]
[error occurred during error reporting (printing stack bounds), id 0xc0000005]

Native frames: (J=compiled Java code, j=interpreted, Vv=VM code, C=native code)


Current CompileTask:
C2:30130843 8036       4       java.io.WinNTFileSystem::canonicalize (372 bytes)


---------------  P R O C E S S  ---------------

Java Threads: ( => current thread )
  0x0000000018046000 JavaThread "DisconnectableInputStream source reader" daemon [_thread_blocked, id=10136, stack(0x0000000020110000,0x0000000020210000)]
  0x0000000018048000 JavaThread "Cache worker for execution history cache (C:\Users\kAUdo\Documents\springboot\.gradle\6.3\executionHistory)" [_thread_blocked, id=9384, stack(0x0000000020010000,0x0000000020110000)]
  0x0000000018042800 JavaThread "Execution worker for ':' Thread 3" [_thread_blocked, id=5320, stack(0x000000001ff10000,0x0000000020010000)]
  0x0000000017a50800 JavaThread "Execution worker for ':' Thread 2" [_thread_blocked, id=8756, stack(0x000000001fe10000,0x000000001ff10000)]
  0x0000000017a53800 JavaThread "Execution worker for ':'" [_thread_blocked, id=9640, stack(0x000000001fd10000,0x000000001fe10000)]
  0x0000000017a56000 JavaThread "Cache worker for file content cache (C:\Users\kAUdo\Documents\springboot\.gradle\6.3\fileContent)" [_thread_blocked, id=6464, stack(0x000000001f590000,0x000000001f690000)]
  0x0000000017a52000 JavaThread "Cache worker for Build Output Cleanup Cache (C:\Users\kAUdo\Documents\springboot\.gradle\buildOutputCleanup)" [_thread_blocked, id=6852, stack(0x000000001f490000,0x000000001f590000)]
  0x000000001af59000 JavaThread "Build operations Thread 4" [_thread_blocked, id=1100, stack(0x000000001f390000,0x000000001f490000)]
  0x000000001af58800 JavaThread "Build operations Thread 3" [_thread_blocked, id=7588, stack(0x000000001efe0000,0x000000001f0e0000)]
  0x000000001af56000 JavaThread "Build operations Thread 2" [_thread_blocked, id=2640, stack(0x000000001eee0000,0x000000001efe0000)]
  0x000000001af5c800 JavaThread "Build operations" [_thread_blocked, id=4892, stack(0x000000001d610000,0x000000001d710000)]
  0x000000001af54800 JavaThread "Cache worker for cache directory md-rule (C:\Users\kAUdo\.gradle\caches\6.3\md-rule)" [_thread_blocked, id=9584, stack(0x000000001d250000,0x000000001d350000)]
  0x000000001af55800 JavaThread "Cache worker for cache directory md-supplier (C:\Users\kAUdo\.gradle\caches\6.3\md-supplier)" [_thread_blocked, id=6616, stack(0x000000001bdc0000,0x000000001bec0000)]
  0x000000001af53800 JavaThread "Cache worker for file hash cache (C:\Users\kAUdo\Documents\springboot\.gradle\6.3\fileHashes)" [_thread_blocked, id=7384, stack(0x000000001bcc0000,0x000000001bdc0000)]
  0x000000001af4f000 JavaThread "Cache worker for checksums cache (C:\Users\kAUdo\Documents\springboot\.gradle\checksums)" [_thread_blocked, id=9816, stack(0x0000000019320000,0x0000000019420000)]
  0x000000001af52000 JavaThread "Thread-39" [_thread_blocked, id=9336, stack(0x0000000019220000,0x0000000019320000)]
  0x000000001af4e000 JavaThread "Stdin handler" [_thread_blocked, id=5860, stack(0x0000000019120000,0x0000000019220000)]
  0x000000001af50800 JavaThread "Asynchronous log dispatcher for DefaultDaemonConnection: socket connection from /127.0.0.1:50503 to /127.0.0.1:51179" [_thread_blocked, id=7580, stack(0x0000000018f20000,0x0000000019020000)]
  0x000000001af4d800 JavaThread "Cancel handler" [_thread_blocked, id=2908, stack(0x0000000018c20000,0x0000000018d20000)]
  0x000000001af53000 JavaThread "Handler for socket connection from /127.0.0.1:50503 to /127.0.0.1:51179" [_thread_in_native, id=9236, stack(0x0000000000b30000,0x0000000000c30000)]
  0x000000001af5b800 JavaThread "Exec process Thread 4" [_thread_in_native, id=9916, stack(0x0000000020a10000,0x0000000020b10000)]
  0x000000001af5a000 JavaThread "Exec process Thread 3" [_thread_in_native, id=4384, stack(0x0000000020810000,0x0000000020910000)]
  0x000000001af5b000 JavaThread "Exec process Thread 2" [_thread_blocked, id=9704, stack(0x0000000020710000,0x0000000020810000)]
  0x000000001af57800 JavaThread "Exec process" [_thread_in_native, id=1964, stack(0x0000000020610000,0x0000000020710000)]
  0x000000001af50000 JavaThread "Cache worker for file content cache (C:\Users\kAUdo\.gradle\caches\6.3\fileContent)" [_thread_blocked, id=9660, stack(0x000000001fc10000,0x000000001fd10000)]
  0x000000001af51800 JavaThread "Memory manager" [_thread_blocked, id=9808, stack(0x000000001f890000,0x000000001f990000)]
  0x0000000017a54800 JavaThread "Cache worker for execution history cache (C:\Users\kAUdo\.gradle\caches\6.3\executionHistory)" [_thread_blocked, id=4184, stack(0x000000001cf50000,0x000000001d050000)]
  0x0000000017a53000 JavaThread "Cache worker for file hash cache (C:\Users\kAUdo\.gradle\caches\6.3\fileHashes)" [_thread_blocked, id=9696, stack(0x0000000019820000,0x0000000019920000)]
  0x0000000017a51000 JavaThread "File lock request listener" [_thread_in_native, id=6088, stack(0x0000000019720000,0x0000000019820000)]
  0x0000000017a57800 JavaThread "Cache worker for journal cache (C:\Users\kAUdo\.gradle\caches\journal-1)" [_thread_blocked, id=9448, stack(0x0000000019620000,0x0000000019720000)]
  0x0000000017a03000 JavaThread "Daemon worker" [_thread_blocked, id=5432, stack(0x0000000019020000,0x0000000019120000)]
  0x0000000017a05800 JavaThread "Daemon" [_thread_blocked, id=5092, stack(0x0000000018b20000,0x0000000018c20000)]
  0x0000000017a46000 JavaThread "Daemon periodic checks" [_thread_blocked, id=1828, stack(0x0000000018a20000,0x0000000018b20000)]
  0x0000000017a10000 JavaThread "Incoming local TCP Connector on port 50503" [_thread_in_native, id=6196, stack(0x0000000018840000,0x0000000018940000)]
  0x000000001791e800 JavaThread "Daemon health stats" [_thread_blocked, id=2284, stack(0x0000000018740000,0x0000000018840000)]
  0x0000000015325000 JavaThread "Service Thread" daemon [_thread_blocked, id=2940, stack(0x0000000015ba0000,0x0000000015ca0000)]
  0x00000000152b3000 JavaThread "C1 CompilerThread2" daemon [_thread_blocked, id=5596, stack(0x0000000015aa0000,0x0000000015ba0000)]
=>0x0000000013eee800 JavaThread "C2 CompilerThread1" daemon [_thread_in_native, id=5800, stack(0x00000000159a0000,0x0000000015aa0000)]
  0x0000000013eec800 JavaThread "C2 CompilerThread0" daemon [_thread_blocked, id=2564, stack(0x00000000158a0000,0x00000000159a0000)]
  0x0000000013ee9000 JavaThread "Attach Listener" daemon [_thread_blocked, id=1296, stack(0x00000000157a0000,0x00000000158a0000)]
  0x0000000013ee8800 JavaThread "Signal Dispatcher" daemon [_thread_blocked, id=5104, stack(0x00000000156a0000,0x00000000157a0000)]
  0x0000000002a6c800 JavaThread "Finalizer" daemon [_thread_blocked, id=7516, stack(0x0000000015110000,0x0000000015210000)]
  0x0000000002a64000 JavaThread "Reference Handler" daemon [_thread_blocked, id=10192, stack(0x0000000015010000,0x0000000015110000)]
  0x000000000296d800 JavaThread "main" [_thread_blocked, id=1768, stack(0x0000000002850000,0x0000000002950000)]

Other Threads:
  0x0000000013e56800 VMThread [stack: 0x0000000014f10000,0x0000000015010000] [id=9908]
  0x000000001532e000 WatcherThread [stack: 0x0000000015ca0000,0x0000000015da0000] [id=9344]

VM state:not at safepoint (normal execution)

VM Mutex/Monitor currently owned by a thread: None

heap address: 0x00000000e0000000, size: 512 MB, Compressed Oops mode: 32-bit
Narrow klass base: 0x0000000000000000, Narrow klass shift: 3
Compressed class space size: 1073741824 Address: 0x0000000100000000

Heap:
 PSYoungGen      total 141824K, used 18089K [0x00000000f5580000, 0x0000000100000000, 0x0000000100000000)
  eden space 137728K, 10% used [0x00000000f5580000,0x00000000f633ccb8,0x00000000fdc00000)
  from space 4096K, 98% used [0x00000000fdc00000,0x00000000fdfedae0,0x00000000fe000000)
  to   space 18944K, 0% used [0x00000000fed80000,0x00000000fed80000,0x0000000100000000)
 ParOldGen       total 175104K, used 49747K [0x00000000e0000000, 0x00000000eab00000, 0x00000000f5580000)
  object space 175104K, 28% used [0x00000000e0000000,0x00000000e3094f48,0x00000000eab00000)
 Metaspace       used 47013K, capacity 49414K, committed 49664K, reserved 1091584K
  class space    used 6557K, capacity 7047K, committed 7168K, reserved 1048576K

Card table byte_map: [0x0000000011e30000,0x0000000011f40000] byte_map_base: 0x0000000011730000

Marking Bits: (ParMarkBitMap*) 0x000000005a828810
 Begin Bits: [0x00000000123f0000, 0x0000000012bf0000)
 End Bits:   [0x0000000012bf0000, 0x00000000133f0000)

Polling page: 0x0000000000c30000

CodeCache: size=245760Kb used=22813Kb max_used=22827Kb free=222946Kb
 bounds [0x0000000002a70000, 0x00000000040f0000, 0x0000000011a70000]
 total_blobs=7730 nmethods=7004 adapters=638
 compilation: enabled

Compilation events (10 events):
Event: 27981.549 Thread 0x0000000013eec800 nmethod 8031 0x00000000040b73d0 code [0x00000000040b75c0, 0x00000000040b8170]
Event: 28061.538 Thread 0x0000000013eee800 8032       4       org.gradle.cache.internal.DefaultFileLockManager$DefaultFileLock$3::stop (42 bytes)
Event: 28061.538 Thread 0x0000000013eee800 nmethod 8032 0x00000000034bfb50 code [0x00000000034bfca0, 0x00000000034bfd88]
Event: 28069.038 Thread 0x0000000013eec800 8033       4       java.io.FileInputStream::finalize (22 bytes)
Event: 28069.041 Thread 0x0000000013eec800 nmethod 8033 0x0000000003396f50 code [0x00000000033970c0, 0x0000000003397818]
Event: 28161.536 Thread 0x0000000013eee800 8034       4       org.gradle.launcher.daemon.server.expiry.AllDaemonExpirationStrategy::checkExpiration (125 bytes)
Event: 28161.568 Thread 0x0000000013eee800 nmethod 8034 0x00000000040df750 code [0x00000000040dfa20, 0x00000000040e0c80]
Event: 29601.537 Thread 0x0000000013eec800 8035       4       java.io.DataInputStream::readBoolean (30 bytes)
Event: 29601.538 Thread 0x0000000013eec800 nmethod 8035 0x00000000038d1150 code [0x00000000038d12a0, 0x00000000038d1708]
Event: 30121.536 Thread 0x0000000013eee800 8036       4       java.io.WinNTFileSystem::canonicalize (372 bytes)

GC Heap History (10 events):
Event: 7.431 GC heap before
{Heap before GC invocations=11 (full 2):
 PSYoungGen      total 162304K, used 159708K [0x00000000f5580000, 0x0000000100000000, 0x0000000100000000)
  eden space 150016K, 100% used [0x00000000f5580000,0x00000000fe800000,0x00000000fe800000)
  from space 12288K, 78% used [0x00000000ff400000,0x00000000ffd771c0,0x0000000100000000)
  to   space 12288K, 0% used [0x00000000fe800000,0x00000000fe800000,0x00000000ff400000)
 ParOldGen       total 175104K, used 15415K [0x00000000e0000000, 0x00000000eab00000, 0x00000000f5580000)
  object space 175104K, 8% used [0x00000000e0000000,0x00000000e0f0de58,0x00000000eab00000)
 Metaspace       used 43868K, capacity 45876K, committed 46208K, reserved 1089536K
  class space    used 6276K, capacity 6698K, committed 6784K, reserved 1048576K
Event: 7.450 GC heap after
Heap after GC invocations=11 (full 2):
 PSYoungGen      total 162304K, used 12256K [0x00000000f5580000, 0x0000000100000000, 0x0000000100000000)
  eden space 150016K, 0% used [0x00000000f5580000,0x00000000f5580000,0x00000000fe800000)
  from space 12288K, 99% used [0x00000000fe800000,0x00000000ff3f8030,0x00000000ff400000)
  to   space 12288K, 0% used [0x00000000ff400000,0x00000000ff400000,0x0000000100000000)
 ParOldGen       total 175104K, used 22330K [0x00000000e0000000, 0x00000000eab00000, 0x00000000f5580000)
  object space 175104K, 12% used [0x00000000e0000000,0x00000000e15ceb80,0x00000000eab00000)
 Metaspace       used 43868K, capacity 45876K, committed 46208K, reserved 1089536K
  class space    used 6276K, capacity 6698K, committed 6784K, reserved 1048576K
}
Event: 8.626 GC heap before
{Heap before GC invocations=12 (full 2):
 PSYoungGen      total 162304K, used 162272K [0x00000000f5580000, 0x0000000100000000, 0x0000000100000000)
  eden space 150016K, 100% used [0x00000000f5580000,0x00000000fe800000,0x00000000fe800000)
  from space 12288K, 99% used [0x00000000fe800000,0x00000000ff3f8030,0x00000000ff400000)
  to   space 12288K, 0% used [0x00000000ff400000,0x00000000ff400000,0x0000000100000000)
 ParOldGen       total 175104K, used 22330K [0x00000000e0000000, 0x00000000eab00000, 0x00000000f5580000)
  object space 175104K, 12% used [0x00000000e0000000,0x00000000e15ceb80,0x00000000eab00000)
 Metaspace       used 45116K, capacity 47408K, committed 47616K, reserved 1089536K
  class space    used 6411K, capacity 6894K, committed 6912K, reserved 1048576K
Event: 8.659 GC heap after
Heap after GC invocations=12 (full 2):
 PSYoungGen      total 150016K, used 12257K [0x00000000f5580000, 0x0000000100000000, 0x0000000100000000)
  eden space 137728K, 0% used [0x00000000f5580000,0x00000000f5580000,0x00000000fdc00000)
  from space 12288K, 99% used [0x00000000ff400000,0x00000000ffff85e0,0x0000000100000000)
  to   space 18432K, 0% used [0x00000000fdc00000,0x00000000fdc00000,0x00000000fee00000)
 ParOldGen       total 175104K, used 28837K [0x00000000e0000000, 0x00000000eab00000, 0x00000000f5580000)
  object space 175104K, 16% used [0x00000000e0000000,0x00000000e1c29450,0x00000000eab00000)
 Metaspace       used 45116K, capacity 47408K, committed 47616K, reserved 1089536K
  class space    used 6411K, capacity 6894K, committed 6912K, reserved 1048576K
}
Event: 12866.288 GC heap before
{Heap before GC invocations=13 (full 2):
 PSYoungGen      total 150016K, used 149985K [0x00000000f5580000, 0x0000000100000000, 0x0000000100000000)
  eden space 137728K, 100% used [0x00000000f5580000,0x00000000fdc00000,0x00000000fdc00000)
  from space 12288K, 99% used [0x00000000ff400000,0x00000000ffff85e0,0x0000000100000000)
  to   space 18432K, 0% used [0x00000000fdc00000,0x00000000fdc00000,0x00000000fee00000)
 ParOldGen       total 175104K, used 28837K [0x00000000e0000000, 0x00000000eab00000, 0x00000000f5580000)
  object space 175104K, 16% used [0x00000000e0000000,0x00000000e1c29450,0x00000000eab00000)
 Metaspace       used 46206K, capacity 48550K, committed 48768K, reserved 1091584K
  class space    used 6488K, capacity 6989K, committed 7040K, reserved 1048576K
Event: 12866.326 GC heap after
Heap after GC invocations=13 (full 2):
 PSYoungGen      total 156160K, used 6566K [0x00000000f5580000, 0x0000000100000000, 0x0000000100000000)
  eden space 137728K, 0% used [0x00000000f5580000,0x00000000f5580000,0x00000000fdc00000)
  from space 18432K, 35% used [0x00000000fdc00000,0x00000000fe269b38,0x00000000fee00000)
  to   space 18432K, 0% used [0x00000000fee00000,0x00000000fee00000,0x0000000100000000)
 ParOldGen       total 175104K, used 41030K [0x00000000e0000000, 0x00000000eab00000, 0x00000000f5580000)
  object space 175104K, 23% used [0x00000000e0000000,0x00000000e2811a58,0x00000000eab00000)
 Metaspace       used 46206K, capacity 48550K, committed 48768K, reserved 1091584K
  class space    used 6488K, capacity 6989K, committed 7040K, reserved 1048576K
}
Event: 12866.814 GC heap before
{Heap before GC invocations=14 (full 2):
 PSYoungGen      total 156160K, used 144294K [0x00000000f5580000, 0x0000000100000000, 0x0000000100000000)
  eden space 137728K, 100% used [0x00000000f5580000,0x00000000fdc00000,0x00000000fdc00000)
  from space 18432K, 35% used [0x00000000fdc00000,0x00000000fe269b38,0x00000000fee00000)
  to   space 18432K, 0% used [0x00000000fee00000,0x00000000fee00000,0x0000000100000000)
 ParOldGen       total 175104K, used 41030K [0x00000000e0000000, 0x00000000eab00000, 0x00000000f5580000)
  object space 175104K, 23% used [0x00000000e0000000,0x00000000e2811a58,0x00000000eab00000)
 Metaspace       used 46549K, capacity 48970K, committed 49024K, reserved 1091584K
  class space    used 6491K, capacity 6995K, committed 7040K, reserved 1048576K
Event: 12866.834 GC heap after
Heap after GC invocations=14 (full 2):
 PSYoungGen      total 156160K, used 6112K [0x00000000f5580000, 0x0000000100000000, 0x0000000100000000)
  eden space 137728K, 0% used [0x00000000f5580000,0x00000000f5580000,0x00000000fdc00000)
  from space 18432K, 33% used [0x00000000fee00000,0x00000000ff3f8000,0x0000000100000000)
  to   space 18432K, 0% used [0x00000000fdc00000,0x00000000fdc00000,0x00000000fee00000)
 ParOldGen       total 175104K, used 46414K [0x00000000e0000000, 0x00000000eab00000, 0x00000000f5580000)
  object space 175104K, 26% used [0x00000000e0000000,0x00000000e2d53bf0,0x00000000eab00000)
 Metaspace       used 46549K, capacity 48970K, committed 49024K, reserved 1091584K
  class space    used 6491K, capacity 6995K, committed 7040K, reserved 1048576K
}
Event: 28069.029 GC heap before
{Heap before GC invocations=15 (full 2):
 PSYoungGen      total 156160K, used 143840K [0x00000000f5580000, 0x0000000100000000, 0x0000000100000000)
  eden space 137728K, 100% used [0x00000000f5580000,0x00000000fdc00000,0x00000000fdc00000)
  from space 18432K, 33% used [0x00000000fee00000,0x00000000ff3f8000,0x0000000100000000)
  to   space 18432K, 0% used [0x00000000fdc00000,0x00000000fdc00000,0x00000000fee00000)
 ParOldGen       total 175104K, used 46414K [0x00000000e0000000, 0x00000000eab00000, 0x00000000f5580000)
  object space 175104K, 26% used [0x00000000e0000000,0x00000000e2d53bf0,0x00000000eab00000)
 Metaspace       used 47013K, capacity 49414K, committed 49664K, reserved 1091584K
  class space    used 6557K, capacity 7047K, committed 7168K, reserved 1048576K
Event: 28069.037 GC heap after
Heap after GC invocations=15 (full 2):
 PSYoungGen      total 141824K, used 4022K [0x00000000f5580000, 0x0000000100000000, 0x0000000100000000)
  eden space 137728K, 0% used [0x00000000f5580000,0x00000000f5580000,0x00000000fdc00000)
  from space 4096K, 98% used [0x00000000fdc00000,0x00000000fdfedae0,0x00000000fe000000)
  to   space 18944K, 0% used [0x00000000fed80000,0x00000000fed80000,0x0000000100000000)
 ParOldGen       total 175104K, used 49747K [0x00000000e0000000, 0x00000000eab00000, 0x00000000f5580000)
  object space 175104K, 28% used [0x00000000e0000000,0x00000000e3094f48,0x00000000eab00000)
 Metaspace       used 47013K, capacity 49414K, committed 49664K, reserved 1091584K
  class space    used 6557K, capacity 7047K, committed 7168K, reserved 1048576K
}

Deoptimization events (10 events):
Event: 12862.360 Thread 0x0000000017a05800 Uncommon trap: reason=class_check action=maybe_recompile pc=0x0000000003c6cf8c method=java.util.concurrent.LinkedBlockingQueue.poll(JLjava/util/concurrent/TimeUnit;)Ljava/lang/Object; @ 8
Event: 12862.379 Thread 0x0000000017a06800 Uncommon trap: reason=unloaded action=reinterpret pc=0x0000000003519248 method=com.esotericsoftware.kryo.io.Input.require(I)I @ 191
Event: 12865.768 Thread 0x0000000017a05800 Uncommon trap: reason=class_check action=maybe_recompile pc=0x0000000003c6cf8c method=java.util.concurrent.LinkedBlockingQueue.poll(JLjava/util/concurrent/TimeUnit;)Ljava/lang/Object; @ 8
Event: 12865.850 Thread 0x0000000017a03000 Uncommon trap: reason=unstable_if action=reinterpret pc=0x0000000002e244c4 method=org.gradle.internal.dispatch.ProxyDispatchAdapter$DispatchingInvocationHandler.invoke(Ljava/lang/Object;Ljava/lang/reflect/Method;[Ljava/lang/Object;)Ljava/lang/Object; @ 9
Event: 12865.918 Thread 0x0000000017a03000 Uncommon trap: reason=speculate_class_check action=maybe_recompile pc=0x0000000003494750 method=com.google.common.collect.ImmutableList.listIterator(I)Lcom/google/common/collect/UnmodifiableListIterator; @ 2
Event: 12866.068 Thread 0x0000000017a03000 Uncommon trap: reason=null_check action=make_not_entrant pc=0x0000000003b40968 method=io.spring.gradle.dependencymanagement.org.apache.maven.model.validation.DefaultModelValidator.validateEffectiveDependency(Lio/spring/gradle/dependencymanagement/org/apac
Event: 12866.554 Thread 0x0000000017a03000 Uncommon trap: reason=class_check action=maybe_recompile pc=0x00000000039fef14 method=io.spring.gradle.dependencymanagement.org.codehaus.plexus.interpolation.MapBasedValueSource.getValue(Ljava/lang/String;)Ljava/lang/Object; @ 16
Event: 12866.554 Thread 0x0000000017a03000 Uncommon trap: reason=class_check action=maybe_recompile pc=0x00000000039fef14 method=io.spring.gradle.dependencymanagement.org.codehaus.plexus.interpolation.MapBasedValueSource.getValue(Ljava/lang/String;)Ljava/lang/Object; @ 16
Event: 12867.081 Thread 0x0000000018048000 Uncommon trap: reason=unstable_if action=reinterpret pc=0x000000000394d4d0 method=com.esotericsoftware.kryo.io.Output.writeString(Ljava/lang/CharSequence;)V @ 50
Event: 12868.512 Thread 0x000000001af5a000 Uncommon trap: reason=null_check action=make_not_entrant pc=0x00000000034c954c method=org.gradle.internal.io.LinePerThreadBufferingOutputStream.getStream()Ljava/io/PrintStream; @ 7

Classes redefined (0 events):
No events

Internal exceptions (10 events):
Event: 12862.215 Thread 0x00000000179fa800 Exception <a 'java/lang/NoSuchMethodError': <clinit>> (0x00000000fa967960) thrown at [C:\ws\89P\Corretto8Src\installers\windows\zip\corretto-build\buildRoot\src\hotspot\src\share\vm\prims\jni.cpp, line 1616]
Event: 12862.221 Thread 0x00000000179fa800 Exception <a 'java/lang/NoSuchMethodError': <clinit>> (0x00000000fa985e28) thrown at [C:\ws\89P\Corretto8Src\installers\windows\zip\corretto-build\buildRoot\src\hotspot\src\share\vm\prims\jni.cpp, line 1616]
Event: 12862.224 Thread 0x00000000179fa800 Exception <a 'java/lang/NoSuchMethodError': <clinit>> (0x00000000fa994e58) thrown at [C:\ws\89P\Corretto8Src\installers\windows\zip\corretto-build\buildRoot\src\hotspot\src\share\vm\prims\jni.cpp, line 1616]
Event: 12862.353 Thread 0x0000000017a05800 Exception <a 'java/lang/NoSuchMethodError': <clinit>> (0x00000000fb01a718) thrown at [C:\ws\89P\Corretto8Src\installers\windows\zip\corretto-build\buildRoot\src\hotspot\src\share\vm\prims\jni.cpp, line 1616]
Event: 12862.355 Thread 0x0000000017a05800 Exception <a 'java/lang/NoSuchMethodError': <clinit>> (0x00000000fb02a088) thrown at [C:\ws\89P\Corretto8Src\installers\windows\zip\corretto-build\buildRoot\src\hotspot\src\share\vm\prims\jni.cpp, line 1616]
Event: 12862.355 Thread 0x0000000017a05800 Exception <a 'java/lang/NoSuchMethodError': <clinit>> (0x00000000fb02c538) thrown at [C:\ws\89P\Corretto8Src\installers\windows\zip\corretto-build\buildRoot\src\hotspot\src\share\vm\prims\jni.cpp, line 1616]
Event: 12862.356 Thread 0x0000000017a05800 Exception <a 'java/lang/NoSuchMethodError': <clinit>> (0x00000000fb03c750) thrown at [C:\ws\89P\Corretto8Src\installers\windows\zip\corretto-build\buildRoot\src\hotspot\src\share\vm\prims\jni.cpp, line 1616]
Event: 12862.357 Thread 0x0000000017a05800 Exception <a 'java/lang/NoSuchMethodError': <clinit>> (0x00000000fb047b08) thrown at [C:\ws\89P\Corretto8Src\installers\windows\zip\corretto-build\buildRoot\src\hotspot\src\share\vm\prims\jni.cpp, line 1616]
Event: 12866.068 Thread 0x0000000017a03000 Implicit null exception at 0x0000000003b3f618 to 0x0000000003b40959
Event: 12866.944 Thread 0x0000000017a03000 Exception <a 'java/lang/NoSuchMethodError': java.lang.Object.lambda$comparingByKey$bbdbfea9$1(Ljava/util/Map$Entry;Ljava/util/Map$Entry;)I> (0x00000000f69c0960) thrown at [C:\ws\89P\Corretto8Src\installers\windows\zip\corretto-build\buildRoot\src\hotspot\

Events (10 events):
Event: 21531.539 Thread 0x0000000013eee800 flushing nmethod 0x00000000038d0fd0
Event: 21631.543 Thread 0x0000000013eec800 flushing nmethod 0x0000000003a7fd50
Event: 27431.538 loading class org/gradle/cache/internal/filelock/DefaultLockStateSerializer$1
Event: 27431.538 loading class org/gradle/cache/internal/filelock/DefaultLockStateSerializer$1 done
Event: 27501.536 loading class org/gradle/launcher/daemon/registry/DaemonRegistryContent$1
Event: 27501.536 loading class org/gradle/launcher/daemon/registry/DaemonRegistryContent$1 done
Event: 27511.536 loading class org/gradle/launcher/daemon/registry/DaemonInfo$1
Event: 27511.536 loading class org/gradle/launcher/daemon/registry/DaemonInfo$1 done
Event: 28069.029 Executing VM operation: ParallelGCFailedAllocation
Event: 28069.037 Executing VM operation: ParallelGCFailedAllocation done


Dynamic libraries:
0x00007ff6fd750000 - 0x00007ff6fd785000 	D:\PROGRAMS\Java\corretto-1.8.0_265\bin\java.exe
0x00007ffaecb20000 - 0x00007ffaecd10000 	C:\WINDOWS\SYSTEM32\ntdll.dll
0x00007ffaeca20000 - 0x00007ffaecad2000 	C:\WINDOWS\System32\KERNEL32.DLL
0x00007ffaea230000 - 0x00007ffaea4d4000 	C:\WINDOWS\System32\KERNELBASE.dll
0x00007ffaeae70000 - 0x00007ffaeaf13000 	C:\WINDOWS\System32\ADVAPI32.dll
0x00007ffaeac80000 - 0x00007ffaead1e000 	C:\WINDOWS\System32\msvcrt.dll
0x00007ffaebda0000 - 0x00007ffaebe37000 	C:\WINDOWS\System32\sechost.dll
0x00007ffaebc70000 - 0x00007ffaebd90000 	C:\WINDOWS\System32\RPCRT4.dll
0x00007ffaeb610000 - 0x00007ffaeb7a5000 	C:\WINDOWS\System32\USER32.dll
0x00007ffaeaba0000 - 0x00007ffaeabc1000 	C:\WINDOWS\System32\win32u.dll
0x00007ffaeac50000 - 0x00007ffaeac76000 	C:\WINDOWS\System32\GDI32.dll
0x00007ffaea8a0000 - 0x00007ffaeaa36000 	C:\WINDOWS\System32\gdi32full.dll
0x00007ffaea4e0000 - 0x00007ffaea57e000 	C:\WINDOWS\System32\msvcp_win.dll
0x00007ffaeaaa0000 - 0x00007ffaeab9a000 	C:\WINDOWS\System32\ucrtbase.dll
0x00007ffadfa40000 - 0x00007ffadfcc4000 	C:\WINDOWS\WinSxS\amd64_microsoft.windows.common-controls_6595b64144ccf1df_6.0.18362.1016_none_9e7a36bbe461dae4\COMCTL32.dll
0x00007ffaeb930000 - 0x00007ffaebc65000 	C:\WINDOWS\System32\combase.dll
0x00007ffaea7d0000 - 0x00007ffaea850000 	C:\WINDOWS\System32\bcryptPrimitives.dll
0x00007ffaeb5e0000 - 0x00007ffaeb60e000 	C:\WINDOWS\System32\IMM32.DLL
0x000000005a8b0000 - 0x000000005a982000 	D:\PROGRAMS\Java\corretto-1.8.0_265\jre\bin\msvcr100.dll
0x0000000059ff0000 - 0x000000005a8aa000 	D:\PROGRAMS\Java\corretto-1.8.0_265\jre\bin\server\jvm.dll
0x00007ffaebd90000 - 0x00007ffaebd98000 	C:\WINDOWS\System32\PSAPI.DLL
0x00007ffae7a90000 - 0x00007ffae7ab4000 	C:\WINDOWS\SYSTEM32\WINMM.dll
0x00007ffae4180000 - 0x00007ffae418a000 	C:\WINDOWS\SYSTEM32\VERSION.dll
0x00007ffad9c10000 - 0x00007ffad9c19000 	C:\WINDOWS\SYSTEM32\WSOCK32.dll
0x00007ffaeb4b0000 - 0x00007ffaeb51f000 	C:\WINDOWS\System32\WS2_32.dll
0x00007ffae7a30000 - 0x00007ffae7a5d000 	C:\WINDOWS\SYSTEM32\WINMMBASE.dll
0x00007ffaea850000 - 0x00007ffaea89a000 	C:\WINDOWS\System32\cfgmgr32.dll
0x00007ffae62c0000 - 0x00007ffae62cf000 	D:\PROGRAMS\Java\corretto-1.8.0_265\jre\bin\verify.dll
0x00007ffadb020000 - 0x00007ffadb049000 	D:\PROGRAMS\Java\corretto-1.8.0_265\jre\bin\java.dll
0x00007ffae62a0000 - 0x00007ffae62b6000 	D:\PROGRAMS\Java\corretto-1.8.0_265\jre\bin\zip.dll
0x00007ffaec2b0000 - 0x00007ffaec997000 	C:\WINDOWS\System32\SHELL32.dll
0x00007ffaeb530000 - 0x00007ffaeb5d9000 	C:\WINDOWS\System32\shcore.dll
0x00007ffae9aa0000 - 0x00007ffaea222000 	C:\WINDOWS\System32\windows.storage.dll
0x00007ffae9a70000 - 0x00007ffae9a93000 	C:\WINDOWS\System32\profapi.dll
0x00007ffae9a00000 - 0x00007ffae9a4a000 	C:\WINDOWS\System32\powrprof.dll
0x00007ffae99d0000 - 0x00007ffae99e0000 	C:\WINDOWS\System32\UMPDC.dll
0x00007ffaeaf80000 - 0x00007ffaeafd2000 	C:\WINDOWS\System32\shlwapi.dll
0x00007ffae99e0000 - 0x00007ffae99f1000 	C:\WINDOWS\System32\kernel.appcore.dll
0x00007ffaea630000 - 0x00007ffaea647000 	C:\WINDOWS\System32\cryptsp.dll
0x00007ffad97f0000 - 0x00007ffad980a000 	D:\PROGRAMS\Java\corretto-1.8.0_265\jre\bin\net.dll
0x00007ffae9230000 - 0x00007ffae9297000 	C:\WINDOWS\system32\mswsock.dll
0x00007ffad97d0000 - 0x00007ffad97e2000 	D:\PROGRAMS\Java\corretto-1.8.0_265\jre\bin\nio.dll
0x00007ffae62e0000 - 0x00007ffae6307000 	C:\Users\kAUdo\.gradle\native\c976cfcca226fdd4bee4412e95191dd41148b7504f9625baeda1d523bc39a967\windows-amd64\native-platform.dll
0x00007ffae6230000 - 0x00007ffae623d000 	D:\PROGRAMS\Java\corretto-1.8.0_265\jre\bin\management.dll
0x00007ffae8d40000 - 0x00007ffae8d73000 	C:\WINDOWS\system32\rsaenh.dll
0x00007ffaea650000 - 0x00007ffaea676000 	C:\WINDOWS\System32\bcrypt.dll
0x00007ffae98f0000 - 0x00007ffae9915000 	C:\WINDOWS\SYSTEM32\USERENV.dll
0x00007ffae93e0000 - 0x00007ffae93ec000 	C:\WINDOWS\SYSTEM32\CRYPTBASE.dll
0x00007ffae8ee0000 - 0x00007ffae8f1a000 	C:\WINDOWS\SYSTEM32\IPHLPAPI.DLL
0x00007ffaead20000 - 0x00007ffaead28000 	C:\WINDOWS\System32\NSI.dll
0x00007ffae3c80000 - 0x00007ffae3c96000 	C:\WINDOWS\SYSTEM32\dhcpcsvc6.DLL
0x00007ffae4110000 - 0x00007ffae412c000 	C:\WINDOWS\SYSTEM32\dhcpcsvc.DLL
0x00007ffae8f20000 - 0x00007ffae8feb000 	C:\WINDOWS\SYSTEM32\DNSAPI.dll

VM Arguments:
jvm_args: -XX:MaxMetaspaceSize=256m -XX:+HeapDumpOnOutOfMemoryError -Xms256m -Xmx512m -Dfile.encoding=x-windows-949 -Duser.country=KR -Duser.language=ko -Duser.variant 
java_command: org.gradle.launcher.daemon.bootstrap.GradleDaemon 6.3
java_class_path (initial): C:\Users\kAUdo\.gradle\wrapper\dists\gradle-6.3-bin\8tpu6egwsccjzp10c1jckl0rx\gradle-6.3\lib\gradle-launcher-6.3.jar
Launcher Type: SUN_STANDARD

Environment Variables:
PATH=C:\WINDOWS\system32;C:\WINDOWS;C:\WINDOWS\System32\Wbem;C:\WINDOWS\System32\WindowsPowerShell\v1.0\;C:\WINDOWS\System32\OpenSSH\;C:\WINDOWS\system32;C:\WINDOWS;C:\WINDOWS\System32\Wbem;C:\WINDOWS\System32\WindowsPowerShell\v1.0\;C:\WINDOWS\System32\OpenSSH\;C:\Program Files\nodejs\;C:\Users\kAUdo\AppData\Local\Microsoft\WindowsApps;C:\Users\kAUdo\AppData\Roaming\npm;C:\Program Files\nodejs;C:\Users\kAUdo\AppData\Local\atom\bin
USERNAME=kAUdo
OS=Windows_NT
PROCESSOR_IDENTIFIER=Intel64 Family 6 Model 158 Stepping 9, GenuineIntel



---------------  S Y S T E M  ---------------

OS: Windows 10.0 , 64 bit Build 18362 (10.0.18362.959)

CPU:total 4 (initial active 4) (2 cores per cpu, 2 threads per core) family 6 model 158 stepping 9, cmov, cx8, fxsr, mmx, sse, sse2, sse3, ssse3, sse4.1, sse4.2, popcnt, aes, clmul, erms, 3dnowpref, lzcnt, ht, tsc, tscinvbit

Memory: 4k page, physical 8329896k(3112632k free), swap 11475624k(4584k free)

vm_info: OpenJDK 64-Bit Server VM (25.265-b01) for windows-amd64 JRE (1.8.0_265-b01), built on Jul 28 2020 21:14:30 by "Administrator" with MS VC++ 10.0 (VS2010)

time: Mon Aug 17 21:58:48 2020
timezone: 대한민국 표준시
elapsed time: 30130 seconds (0d 8h 22m 10s)

