#
# There is insufficient memory for the Java Runtime Environment to continue.
# Native memory allocation (mmap) failed to map 134217728 bytes for Failed to commit area from 0x0000000080e00000 to 0x0000000088e00000 of length 134217728.
# Possible reasons:
#   The system is out of physical RAM or swap space
#   The process is running with CompressedOops enabled, and the Java Heap may be blocking the growth of the native heap
# Possible solutions:
#   Reduce memory load on the system
#   Increase physical memory or swap space
#   Check if swap backing store is full
#   Decrease Java heap size (-Xmx/-Xms)
#   Decrease number of Java threads
#   Decrease Java thread stack sizes (-Xss)
#   Set larger code cache with -XX:ReservedCodeCacheSize=
# This output file may be truncated or incomplete.
#
#  Out of Memory Error (./src/hotspot/os/windows/os_windows.cpp:3303), pid=6596, tid=3276
#
# JRE version:  (11.0.7+10) (build )
# Java VM: OpenJDK 64-Bit Server VM (11.0.7+10-b944.20, mixed mode, sharing, tiered, compressed oops, g1 gc, windows-amd64)
# No core dump will be written. Minidumps are not enabled by default on client versions of Windows
#

---------------  S U M M A R Y ------------

Command Line: org.jetbrains.git4idea.http.GitAskPassApp Username for 'https://github.com': 

Host: Intel(R) Pentium(R) CPU G4560 @ 3.50GHz, 4 cores, 7G,  Windows 10 , 64 bit Build 18362 (10.0.18362.959)
Time: Mon Aug 17 23:51:59 2020 ¢¥eCN©öI¡¾©ö C¡ÍA¨ª¨öA elapsed time: 0 seconds (0d 0h 0m 0s)

---------------  T H R E A D  ---------------

Current thread (0x000001862cca8000):  JavaThread "Unknown thread" [_thread_in_vm, id=3276, stack(0x0000006df2f00000,0x0000006df3000000)]

Stack: [0x0000006df2f00000,0x0000006df3000000]
Native frames: (J=compiled Java code, j=interpreted, Vv=VM code, C=native code)
V  [jvm.dll+0x5ddcca]
V  [jvm.dll+0x7115d5]
V  [jvm.dll+0x712b2d]
V  [jvm.dll+0x7131e3]
V  [jvm.dll+0x23e3a8]
V  [jvm.dll+0x5db184]
V  [jvm.dll+0x5d0305]
V  [jvm.dll+0x2fb2ab]
V  [jvm.dll+0x2fb21a]
V  [jvm.dll+0x2fb0f2]
V  [jvm.dll+0x2fffd6]
V  [jvm.dll+0x3485d3]
V  [jvm.dll+0x348cd6]
V  [jvm.dll+0x3486d3]
V  [jvm.dll+0x2d5b38]
V  [jvm.dll+0x2d6cd7]
V  [jvm.dll+0x6f05d7]
V  [jvm.dll+0x6f1dcc]
V  [jvm.dll+0x355b89]
V  [jvm.dll+0x6d43ae]
V  [jvm.dll+0x3bdc13]
V  [jvm.dll+0x3bfe61]
C  [jli.dll+0x5363]
C  [ucrtbase.dll+0x20e82]
C  [KERNEL32.DLL+0x17bd4]
C  [ntdll.dll+0x6ce51]


---------------  P R O C E S S  ---------------

Threads class SMR info:
_java_thread_list=0x000001862cad3360, length=0, elements={
}

Java Threads: ( => current thread )

Other Threads:
  0x000001862ccc2000 GCTaskThread "GC Thread#0" [stack: 0x0000006df3000000,0x0000006df3100000] [id=5532]
  0x000001862ccf4000 ConcurrentGCThread "G1 Main Marker" [stack: 0x0000006df3100000,0x0000006df3200000] [id=7132]
  0x000001862ccf5800 ConcurrentGCThread "G1 Conc#0" [stack: 0x0000006df3200000,0x0000006df3300000] [id=7304]

[error occurred during error reporting (printing all threads), id 0xc0000005, EXCEPTION_ACCESS_VIOLATION (0xc0000005) at pc=0x00007ffac6d061a7]

VM state:not at safepoint (not fully initialized)

VM Mutex/Monitor currently owned by a thread:  ([mutex/lock_event])
[0x000001862cca6cf0] Heap_lock - owner thread: 0x000001862cca8000

Heap address: 0x0000000080e00000, size: 2034 MB, Compressed Oops mode: Non-zero based: 0x0000000080e00000
Narrow klass base: 0x0000000000000000, Narrow klass shift: 0

GC Heap History (0 events):
No events

Deoptimization events (0 events):
No events

Classes redefined (0 events):
No events

Internal exceptions (0 events):
No events

Events (2 events):
Event: 0.005 Loaded shared library C:\ideaIC-2020.2.win\jbr\bin\zip.dll
Event: 0.006 Loaded shared library C:\ideaIC-2020.2.win\jbr\bin\jimage.dll


Dynamic libraries:
0x00007ff66b0f0000 - 0x00007ff66b0fa000 	C:\ideaIC-2020.2.win\jbr\bin\java.exe
0x00007ffaecb20000 - 0x00007ffaecd10000 	C:\WINDOWS\SYSTEM32\ntdll.dll
0x00007ffaeca20000 - 0x00007ffaecad2000 	C:\WINDOWS\System32\KERNEL32.DLL
0x00007ffaea230000 - 0x00007ffaea4d4000 	C:\WINDOWS\System32\KERNELBASE.dll
0x00007ffaeaaa0000 - 0x00007ffaeab9a000 	C:\WINDOWS\System32\ucrtbase.dll
0x00007ffad7780000 - 0x00007ffad7799000 	C:\ideaIC-2020.2.win\jbr\bin\jli.dll
0x00007ffad37a0000 - 0x00007ffad37b7000 	C:\ideaIC-2020.2.win\jbr\bin\VCRUNTIME140.dll
0x00007ffaeb610000 - 0x00007ffaeb7a5000 	C:\WINDOWS\System32\USER32.dll
0x00007ffaeaba0000 - 0x00007ffaeabc1000 	C:\WINDOWS\System32\win32u.dll
0x00007ffadfa40000 - 0x00007ffadfcc4000 	C:\WINDOWS\WinSxS\amd64_microsoft.windows.common-controls_6595b64144ccf1df_6.0.18362.1016_none_9e7a36bbe461dae4\COMCTL32.dll
0x00007ffaeac50000 - 0x00007ffaeac76000 	C:\WINDOWS\System32\GDI32.dll
0x00007ffaeac80000 - 0x00007ffaead1e000 	C:\WINDOWS\System32\msvcrt.dll
0x00007ffaea8a0000 - 0x00007ffaeaa36000 	C:\WINDOWS\System32\gdi32full.dll
0x00007ffaeb930000 - 0x00007ffaebc65000 	C:\WINDOWS\System32\combase.dll
0x00007ffaea4e0000 - 0x00007ffaea57e000 	C:\WINDOWS\System32\msvcp_win.dll
0x00007ffaebc70000 - 0x00007ffaebd90000 	C:\WINDOWS\System32\RPCRT4.dll
0x00007ffaea7d0000 - 0x00007ffaea850000 	C:\WINDOWS\System32\bcryptPrimitives.dll
0x00007ffaeb5e0000 - 0x00007ffaeb60e000 	C:\WINDOWS\System32\IMM32.DLL
0x00007ffacaac0000 - 0x00007ffacab5d000 	C:\ideaIC-2020.2.win\jbr\bin\msvcp140.dll
0x00007ffac6a20000 - 0x00007ffac74db000 	C:\ideaIC-2020.2.win\jbr\bin\server\jvm.dll
0x00007ffaeae70000 - 0x00007ffaeaf13000 	C:\WINDOWS\System32\ADVAPI32.dll
0x00007ffaebda0000 - 0x00007ffaebe37000 	C:\WINDOWS\System32\sechost.dll
0x00007ffaebd90000 - 0x00007ffaebd98000 	C:\WINDOWS\System32\PSAPI.DLL
0x00007ffad9c10000 - 0x00007ffad9c19000 	C:\WINDOWS\SYSTEM32\WSOCK32.dll
0x00007ffaeb4b0000 - 0x00007ffaeb51f000 	C:\WINDOWS\System32\WS2_32.dll
0x00007ffae4180000 - 0x00007ffae418a000 	C:\WINDOWS\SYSTEM32\VERSION.dll
0x00007ffae7a90000 - 0x00007ffae7ab4000 	C:\WINDOWS\SYSTEM32\WINMM.dll
0x00007ffae7a30000 - 0x00007ffae7a5d000 	C:\WINDOWS\SYSTEM32\winmmbase.dll
0x00007ffaea850000 - 0x00007ffaea89a000 	C:\WINDOWS\System32\cfgmgr32.dll
0x00007ffae99e0000 - 0x00007ffae99f1000 	C:\WINDOWS\System32\kernel.appcore.dll
0x00007ffae6300000 - 0x00007ffae6311000 	C:\ideaIC-2020.2.win\jbr\bin\verify.dll
0x00007ffad5090000 - 0x00007ffad5284000 	C:\WINDOWS\SYSTEM32\DBGHELP.DLL
0x00007ffad5060000 - 0x00007ffad508a000 	C:\WINDOWS\SYSTEM32\dbgcore.DLL
0x00007ffad97a0000 - 0x00007ffad97c9000 	C:\ideaIC-2020.2.win\jbr\bin\java.dll
0x00007ffae62e0000 - 0x00007ffae62f8000 	C:\ideaIC-2020.2.win\jbr\bin\zip.dll
0x00007ffadaf80000 - 0x00007ffadaf8b000 	C:\ideaIC-2020.2.win\jbr\bin\jimage.dll

dbghelp: loaded successfully - version: 4.0.5 - missing functions: none
symbol engine: initialized successfully - sym options: 0x614 - pdb path: .;C:\ideaIC-2020.2.win\jbr\bin;C:\WINDOWS\SYSTEM32;C:\WINDOWS\WinSxS\amd64_microsoft.windows.common-controls_6595b64144ccf1df_6.0.18362.1016_none_9e7a36bbe461dae4;C:\ideaIC-2020.2.win\jbr\bin\server

VM Arguments:
java_command: org.jetbrains.git4idea.http.GitAskPassApp Username for 'https://github.com': 
java_class_path (initial): C:/ideaIC-2020.2.win/plugins/git4idea/lib/git4idea-rt.jar;C:/ideaIC-2020.2.win/lib/xmlrpc-2.0.1.jar;C:/ideaIC-2020.2.win/lib/commons-codec-1.14.jar
Launcher Type: SUN_STANDARD

[Global flags]
     intx CICompilerCount                          = 3                                         {product} {ergonomic}
     uint ConcGCThreads                            = 1                                         {product} {ergonomic}
     uint G1ConcRefinementThreads                  = 4                                         {product} {ergonomic}
   size_t G1HeapRegionSize                         = 1048576                                   {product} {ergonomic}
    uintx GCDrainStackTargetSize                   = 64                                        {product} {ergonomic}
   size_t InitialHeapSize                          = 134217728                                 {product} {ergonomic}
   size_t MarkStackSize                            = 4194304                                   {product} {ergonomic}
   size_t MaxHeapSize                              = 2132803584                                {product} {ergonomic}
   size_t MinHeapDeltaBytes                        = 1048576                                   {product} {ergonomic}
    uintx NonNMethodCodeHeapSize                   = 5830732                                {pd product} {ergonomic}
    uintx NonProfiledCodeHeapSize                  = 122913754                              {pd product} {ergonomic}
    uintx ProfiledCodeHeapSize                     = 122913754                              {pd product} {ergonomic}
    uintx ReservedCodeCacheSize                    = 251658240                              {pd product} {ergonomic}
     bool SegmentedCodeCache                       = true                                      {product} {ergonomic}
     bool UseCompressedClassPointers               = true                                 {lp64_product} {ergonomic}
     bool UseCompressedOops                        = true                                 {lp64_product} {ergonomic}
     bool UseG1GC                                  = true                                      {product} {ergonomic}
     bool UseLargePagesIndividualAllocation        = false                                  {pd product} {ergonomic}

Logging:
Log output configuration:
 #0: stdout all=warning uptime,level,tags
 #1: stderr all=off uptime,level,tags

Environment Variables:
PATH=D:/PROGRAMS/PortableGit/mingw64/libexec/git-core;D:/PROGRAMS/PortableGit/mingw64/libexec/git-core;D:\PROGRAMS\PortableGit\mingw64\bin;D:\PROGRAMS\PortableGit\usr\bin;C:\Users\kAUdo\bin;C:\WINDOWS\system32;C:\WINDOWS;C:\WINDOWS\System32\Wbem;C:\WINDOWS\System32\WindowsPowerShell\v1.0\;C:\WINDOWS\System32\OpenSSH\;C:\WINDOWS\system32;C:\WINDOWS;C:\WINDOWS\System32\Wbem;C:\WINDOWS\System32\WindowsPowerShell\v1.0\;C:\WINDOWS\System32\OpenSSH\;C:\Program Files\nodejs\;C:\Users\kAUdo\AppData\Local\Microsoft\WindowsApps;C:\Users\kAUdo\AppData\Roaming\npm;C:\Program Files\nodejs;C:\Users\kAUdo\AppData\Local\atom\bin
USERNAME=kAUdo
DISPLAY=:0.0
OS=Windows_NT
PROCESSOR_IDENTIFIER=Intel64 Family 6 Model 158 Stepping 9, GenuineIntel



---------------  S Y S T E M  ---------------

OS: Windows 10 , 64 bit Build 18362 (10.0.18362.959)
OS uptime: 0 days 11:51 hours

CPU:total 4 (initial active 4) (2 cores per cpu, 2 threads per core) family 6 model 158 stepping 9, cmov, cx8, fxsr, mmx, sse, sse2, sse3, ssse3, sse4.1, sse4.2, popcnt, aes, clmul, erms, 3dnowpref, lzcnt, ht, tsc, tscinvbit

Memory: 4k page, system-wide physical 8134M (2405M free)
TotalPageFile size 11206M (AvailPageFile size 94M)
current process WorkingSet (physical memory assigned to process): 9M, peak: 9M
current process commit charge ("private bytes"): 51M, peak: 179M

vm_info: OpenJDK 64-Bit Server VM (11.0.7+10-b944.20) for windows-amd64 JRE (11.0.7+10-b944.20), built on Jul 11 2020 03:30:56 by "" with MS VC++ 14.0 (VS2015)

END.
